<?xml version="1.0" encoding="UTF-8"?>
<!-- Generated by org.testng.reporters.JUnitXMLReporter -->
<testsuite hostname="Julia-PC" name="Default test" tests="6" failures="0" timestamp="12 Oct 2014 12:17:29 GMT" time="34.068" errors="0">
  <testcase name="testEmptyGroupCreation" time="4.66" classname="com.example.tests.AlsoGroupCreationTests"/>
  <testcase name="testNonEmptyGroupCreation" time="3.459" classname="com.example.tests.AlsoGroupCreationTests"/>
  <testcase name="testEmptyContactCreation" time="3.916" classname="com.example.tests.ContactCreationTests"/>
  <testcase name="testNonEmptyContactCreation" time="4.579" classname="com.example.tests.ContactCreationTests"/>
  <testcase name="testEmptyGroupCreation" time="2.875" classname="com.example.tests.GroupCreationTests"/>
  <testcase name="testNonEmptyGroupCreation" time="3.045" classname="com.example.tests.GroupCreationTests"/>
</testsuite> <!-- Default test -->
