<?xml version="1.0" encoding="UTF-8"?>
<!-- Generated by org.testng.reporters.JUnitXMLReporter -->
<testsuite hostname="Julia-PC" name="Default test" tests="6" failures="0" timestamp="12 Oct 2014 18:24:38 GMT" time="36.461" errors="0">
  <testcase name="testEmptyGroupCreation" time="4.309" classname="com.example.tests.AlsoGroupCreationTests"/>
  <testcase name="testNonEmptyGroupCreation" time="5.513" classname="com.example.tests.AlsoGroupCreationTests"/>
  <testcase name="testEmptyContactCreation" time="4.17" classname="com.example.tests.ContactCreationTests"/>
  <testcase name="testNonEmptyContactCreation" time="5.308" classname="com.example.tests.ContactCreationTests"/>
  <testcase name="testEmptyGroupCreation" time="2.488" classname="com.example.tests.GroupCreationTests"/>
  <testcase name="testNonEmptyGroupCreation" time="2.918" classname="com.example.tests.GroupCreationTests"/>
</testsuite> <!-- Default test -->
