<?xml version="1.0" encoding="UTF-8"?>
<testng-results skipped="0" failed="0" total="6" passed="6">
  <reporter-output>
  </reporter-output>
  <suite name="Default suite" duration-ms="36461" started-at="2014-10-12T18:24:02Z" finished-at="2014-10-12T18:24:38Z">
    <groups>
    </groups>
    <test name="Default test" duration-ms="36461" started-at="2014-10-12T18:24:02Z" finished-at="2014-10-12T18:24:38Z">
      <class name="com.example.tests.GroupCreationTests">
        <test-method status="PASS" signature="testEmptyGroupCreation()[pri:0, instance:com.example.tests.GroupCreationTests@121f4ef]" name="testEmptyGroupCreation" duration-ms="2488" started-at="2014-10-12T21:24:32Z" finished-at="2014-10-12T21:24:35Z">
          <reporter-output>
          </reporter-output>
        </test-method> <!-- testEmptyGroupCreation -->
        <test-method status="PASS" signature="testNonEmptyGroupCreation()[pri:0, instance:com.example.tests.GroupCreationTests@121f4ef]" name="testNonEmptyGroupCreation" duration-ms="2918" started-at="2014-10-12T21:24:35Z" finished-at="2014-10-12T21:24:38Z">
          <reporter-output>
          </reporter-output>
        </test-method> <!-- testNonEmptyGroupCreation -->
      </class> <!-- com.example.tests.GroupCreationTests -->
      <class name="com.example.tests.ContactCreationTests">
        <test-method status="PASS" signature="testEmptyContactCreation()[pri:0, instance:com.example.tests.ContactCreationTests@57a293]" name="testEmptyContactCreation" duration-ms="4170" started-at="2014-10-12T21:24:23Z" finished-at="2014-10-12T21:24:27Z">
          <reporter-output>
          </reporter-output>
        </test-method> <!-- testEmptyContactCreation -->
        <test-method status="PASS" signature="testNonEmptyContactCreation()[pri:0, instance:com.example.tests.ContactCreationTests@57a293]" name="testNonEmptyContactCreation" duration-ms="5308" started-at="2014-10-12T21:24:27Z" finished-at="2014-10-12T21:24:32Z">
          <reporter-output>
          </reporter-output>
        </test-method> <!-- testNonEmptyContactCreation -->
      </class> <!-- com.example.tests.ContactCreationTests -->
      <class name="com.example.tests.AlsoGroupCreationTests">
        <test-method status="PASS" signature="setUp()[pri:0, instance:com.example.tests.AlsoGroupCreationTests@1d45d18]" name="setUp" is-config="true" duration-ms="11056" started-at="2014-10-12T21:24:02Z" finished-at="2014-10-12T21:24:13Z">
          <reporter-output>
          </reporter-output>
        </test-method> <!-- setUp -->
        <test-method status="PASS" signature="testEmptyGroupCreation()[pri:0, instance:com.example.tests.AlsoGroupCreationTests@1d45d18]" name="testEmptyGroupCreation" duration-ms="4309" started-at="2014-10-12T21:24:13Z" finished-at="2014-10-12T21:24:17Z">
          <reporter-output>
          </reporter-output>
        </test-method> <!-- testEmptyGroupCreation -->
        <test-method status="PASS" signature="testNonEmptyGroupCreation()[pri:0, instance:com.example.tests.AlsoGroupCreationTests@1d45d18]" name="testNonEmptyGroupCreation" duration-ms="5513" started-at="2014-10-12T21:24:17Z" finished-at="2014-10-12T21:24:23Z">
          <reporter-output>
          </reporter-output>
        </test-method> <!-- testNonEmptyGroupCreation -->
        <test-method status="PASS" signature="tearDown()[pri:0, instance:com.example.tests.AlsoGroupCreationTests@1d45d18]" name="tearDown" is-config="true" duration-ms="639" started-at="2014-10-12T21:24:38Z" finished-at="2014-10-12T21:24:38Z">
          <reporter-output>
          </reporter-output>
        </test-method> <!-- tearDown -->
      </class> <!-- com.example.tests.AlsoGroupCreationTests -->
    </test> <!-- Default test -->
  </suite> <!-- Default suite -->
</testng-results>
